55832516241790 cancelado
55581928810143 cancelado
52123337188805 cancelado
56558838700804 cancelado
56228815963946 cancelado
52821994537489 assinado
55873951865569 assinado
52227908811738 assinado
55757709407209 assinado
56726245657052 assinado
56821343988509 assinado
56439846840990 assinado
52272066143703 assinado
52681177970466 assinado
56668865793112 cancelado
56684938412187 cancelado
52975794441047 assinado
52128681655904 cancelado
56657414830782 assinado
52676924488953 cancelado
52433828926452 assinado
52195693365905 assinado
55918762690289 cancelado
56511516102782 cancelado
52708313964720 assinado
55484574974106 assinado
56459802430296 cancelado
52991531654201 assinado
52834405122606 cancelado
56916848555898 cancelado
52363909231498 assinado
56943354872747 cancelado
56288445628959 assinado
52416413697081 cancelado
55534778747975 assinado
55447810566348 assinado
56792326287416 cancelado
52127377721705 cancelado
56298952923130 cancelado
52582582622182 cancelado
55783571638817 assinado
55525524756173 assinado
56914835595741 cancelado
55931274840236 assinado
52764191751490 assinado
56293680991378 assinado
55932150366714 assinado
52695873669004 cancelado
56639924960619 assinado
52542295797410 cancelado
56917839951135 assinado
52392612350146 cancelado
52425647400866 assinado
56757206269168 assinado
52176882833075 assinado
55261036572389 assinado
56211135813748 cancelado
56722984325044 assinado
52999521667771 cancelado
52346192720536 assinado
56841128861379 cancelado
56979164539282 cancelado
55997909105419 cancelado
56184336291027 cancelado
55929832868522 assinado
56535249879811 cancelado
56436989837507 assinado
52910049344021 assinado
56514911962945 cancelado
56638039154604 assinado
52383173955765 cancelado
52432969373727 assinado
52846469790957 cancelado
55851118784213 assinado
55672989539967 cancelado
56120450768201 cancelado
55544981577353 assinado
56395847918126 cancelado
55943155321570 assinado
56160262994941 assinado
55547827776095 assinado
55766900812021 cancelado
55886242352453 cancelado
56169374418483 assinado
56956532574311 assinado
52706820323886 assinado
55516463979460 assinado
56984738223632 cancelado
56901673627366 cancelado
55536803430647 cancelado
55833308558561 cancelado
52987887263764 assinado
56725030800346 cancelado
55342770798947 cancelado
52295681791176 assinado
56202002598541 cancelado
56604889402104 assinado
55748391982112 assinado
52527283626762 assinado
52747995798345 cancelado
